This is pdfTeX, Version 3.1415926-2.3-1.40.12 (TeX Live 2011) (format=pdflatex 2011.10.24)  6 FEB 2013 17:59
entering extended mode
 \write18 enabled.
 file:line:error style messages enabled.
 %&-line parsing enabled.
**aes2e-sample.tex
(./aes2e-sample.tex
LaTeX2e <2009/09/24>
Babel <v3.8l> and hyphenation patterns for english, dumylang, nohyphenation, ge
rman-x-2009-06-19, ngerman-x-2009-06-19, afrikaans, ancientgreek, ibycus, arabi
c, armenian, basque, bulgarian, catalan, pinyin, coptic, croatian, czech, danis
h, dutch, ukenglish, usenglishmax, esperanto, estonian, ethiopic, farsi, finnis
h, french, galician, german, ngerman, swissgerman, monogreek, greek, hungarian,
 icelandic, assamese, bengali, gujarati, hindi, kannada, malayalam, marathi, or
iya, panjabi, tamil, telugu, indonesian, interlingua, irish, italian, kurmanji,
 lao, latin, latvian, lithuanian, mongolian, mongolianlmc, bokmal, nynorsk, pol
ish, portuguese, romanian, russian, sanskrit, serbian, serbianc, slovak, sloven
ian, spanish, swedish, turkish, turkmen, ukrainian, uppersorbian, welsh, loaded
.
(./aes2e.cls
Document Class: aes2e 2010/10/16 v1.0 Standard LaTeX document class for AES
\trimwidth=\dimen102
\trimheight=\dimen103
\typewidth=\dimen104
\typeheight=\dimen105
\tempdimen=\dimen106
\normaltextheight=\dimen107
\normalbaselineskip=\skip41
\blindfoliodrop=\dimen108
\enumdim=\dimen109
\figwidth=\dimen110
\tabledim=\dimen111
\tableleftskip=\skip42
\tablerightskip=\skip43
\tabnoteleftskip=\skip44
\tabnoterightskip=\skip45
\mathindent=\dimen112
\tempbox=\box26
(/usr/local/texlive/2011/texmf-dist/tex/latex/psnfss/mathptmx.sty
Package: mathptmx 2005/04/12 PSNFSS-v9.2a Times w/ Math, improved (SPQR, WaS) 
LaTeX Font Info:    Redeclaring symbol font `operators' on input line 28.
LaTeX Font Info:    Overwriting symbol font `operators' in version `normal'
(Font)                  OT1/cmr/m/n --> OT1/ztmcm/m/n on input line 28.
LaTeX Font Info:    Overwriting symbol font `operators' in version `bold'
(Font)                  OT1/cmr/bx/n --> OT1/ztmcm/m/n on input line 28.
LaTeX Font Info:    Redeclaring symbol font `letters' on input line 29.
LaTeX Font Info:    Overwriting symbol font `letters' in version `normal'
(Font)                  OML/cmm/m/it --> OML/ztmcm/m/it on input line 29.
LaTeX Font Info:    Overwriting symbol font `letters' in version `bold'
(Font)                  OML/cmm/b/it --> OML/ztmcm/m/it on input line 29.
LaTeX Font Info:    Redeclaring symbol font `symbols' on input line 30.
LaTeX Font Info:    Overwriting symbol font `symbols' in version `normal'
(Font)                  OMS/cmsy/m/n --> OMS/ztmcm/m/n on input line 30.
LaTeX Font Info:    Overwriting symbol font `symbols' in version `bold'
(Font)                  OMS/cmsy/b/n --> OMS/ztmcm/m/n on input line 30.
LaTeX Font Info:    Redeclaring symbol font `largesymbols' on input line 31.
LaTeX Font Info:    Overwriting symbol font `largesymbols' in version `normal'
(Font)                  OMX/cmex/m/n --> OMX/ztmcm/m/n on input line 31.
LaTeX Font Info:    Overwriting symbol font `largesymbols' in version `bold'
(Font)                  OMX/cmex/m/n --> OMX/ztmcm/m/n on input line 31.
\symbold=\mathgroup4
\symitalic=\mathgroup5
LaTeX Font Info:    Redeclaring math alphabet \mathbf on input line 34.
LaTeX Font Info:    Overwriting math alphabet `\mathbf' in version `normal'
(Font)                  OT1/cmr/bx/n --> OT1/ptm/bx/n on input line 34.
LaTeX Font Info:    Overwriting math alphabet `\mathbf' in version `bold'
(Font)                  OT1/cmr/bx/n --> OT1/ptm/bx/n on input line 34.
LaTeX Font Info:    Redeclaring math alphabet \mathit on input line 35.
LaTeX Font Info:    Overwriting math alphabet `\mathit' in version `normal'
(Font)                  OT1/cmr/m/it --> OT1/ptm/m/it on input line 35.
LaTeX Font Info:    Overwriting math alphabet `\mathit' in version `bold'
(Font)                  OT1/cmr/bx/it --> OT1/ptm/m/it on input line 35.
LaTeX Info: Redefining \hbar on input line 50.
)
(/usr/local/texlive/2011/texmf-dist/tex/latex/psnfss/helvet.sty
Package: helvet 2005/04/12 PSNFSS-v9.2a (WaS) 

(/usr/local/texlive/2011/texmf-dist/tex/latex/graphics/keyval.sty
Package: keyval 1999/03/16 v1.13 key=value parser (DPC)
\KV@toks@=\toks14
))
(/usr/local/texlive/2011/texmf-dist/tex/latex/psnfss/courier.sty
Package: courier 2005/04/12 PSNFSS-v9.2a (WaS) 
)
\c@part=\count79
\c@chapter=\count80
\c@section=\count81
\c@subsection=\count82
\c@subsubsection=\count83
\c@paragraph=\count84
\c@subparagraph=\count85
\topsepi=\skip46
\topsepii=\skip47
\topsepiii=\skip48
\itemsepi=\skip49
\itemsepii=\skip50
\itemsepiii=\skip51
\LabelSep=\dimen113
\listtextleftmargin=\skip52
\listtextleftmarginii=\skip53
\listtextleftmarginiii=\skip54
\listtextrightmargin=\skip55
\listlabelleftskip=\skip56
\listlabelleftskipii=\skip57
\listlabelleftskipiii=\skip58
\abovelistskipi=\skip59
\belowlistskipi=\skip60
\abovelistskipii=\skip61
\belowlistskipii=\skip62
\abovelistskipiii=\skip63
\belowlistskipiii=\skip64
\labelsepi=\skip65
\labelsepii=\skip66
\labelsepiii=\skip67
\enumdimwd=\dimen114
\itemleftmargin=\dimen115
\itemlabelsep=\dimen116
\c@ncount=\count86
\c@theorem=\count87
\c@example=\count88
\c@theorem=\count89
\c@lemma=\count90
\c@proposition=\count91
\c@corollary=\count92
\c@definition=\count93
\c@notation=\count94
\c@assumption=\count95
\c@remark=\count96
\abovecaptionskip=\skip68
\belowcaptionskip=\skip69
\c@figure=\count97
\c@table=\count98
\c@boxenv=\count99
\@footmax=\dimen117
LaTeX Font Info:    Try loading font information for OT1+ztmcm on input line 11
70.

(/usr/local/texlive/2011/texmf-dist/tex/latex/psnfss/ot1ztmcm.fd
File: ot1ztmcm.fd 2000/01/03 Fontinst v1.801 font definitions for OT1/ztmcm.
)
LaTeX Font Info:    Try loading font information for OML+ztmcm on input line 11
70.

(/usr/local/texlive/2011/texmf-dist/tex/latex/psnfss/omlztmcm.fd
File: omlztmcm.fd 2000/01/03 Fontinst v1.801 font definitions for OML/ztmcm.
)
LaTeX Font Info:    Try loading font information for OMS+ztmcm on input line 11
70.

(/usr/local/texlive/2011/texmf-dist/tex/latex/psnfss/omsztmcm.fd
File: omsztmcm.fd 2000/01/03 Fontinst v1.801 font definitions for OMS/ztmcm.
)
LaTeX Font Info:    Try loading font information for OMX+ztmcm on input line 11
70.

(/usr/local/texlive/2011/texmf-dist/tex/latex/psnfss/omxztmcm.fd
File: omxztmcm.fd 2000/01/03 Fontinst v1.801 font definitions for OMX/ztmcm.
)
LaTeX Font Info:    Try loading font information for OT1+ptm on input line 1170
.

(/usr/local/texlive/2011/texmf-dist/tex/latex/psnfss/ot1ptm.fd
File: ot1ptm.fd 2001/06/04 font definitions for OT1/ptm.
)
LaTeX Font Info:    Font shape `OT1/ptm/bx/n' in size <9> not available
(Font)              Font shape `OT1/ptm/b/n' tried instead on input line 1170.
LaTeX Font Info:    Font shape `OT1/ptm/bx/n' in size <7> not available
(Font)              Font shape `OT1/ptm/b/n' tried instead on input line 1170.
LaTeX Font Info:    Font shape `OT1/ptm/bx/n' in size <5> not available
(Font)              Font shape `OT1/ptm/b/n' tried instead on input line 1170.
\bibitemsep=\dimen118
\bibparsep=\dimen119
\biblabelsep=\dimen120
\authorcount=\count100
\affcount=\count101
\tempcount=\count102
LaTeX Info: Redefining \[ on input line 1547.
LaTeX Info: Redefining \] on input line 1548.
\@partialpageht=\dimen121
\store@outputbox=\box27
\storedboxheight=\dimen122
\nommaxdim=\dimen123
\nombox=\box28
 (./cuted.sty
Package: cuted 1997/10/01
\At@ViperColsBreak=\toks15
\v@aaa=\box29
\v@ccc=\box30
\stripsep=\skip70
\@viper=\box31
\viper@penalty=\count103
\hold@viper=\box32
\ht@viper=\dimen124
)
\calccount=\count104
\biocount=\count105
\printbiocount=\count106

(/usr/local/texlive/2011/texmf-dist/tex/latex/graphics/graphicx.sty
Package: graphicx 1999/02/16 v1.0f Enhanced LaTeX Graphics (DPC,SPQR)

(/usr/local/texlive/2011/texmf-dist/tex/latex/graphics/graphics.sty
Package: graphics 2009/02/05 v1.0o Standard LaTeX Graphics (DPC,SPQR)

(/usr/local/texlive/2011/texmf-dist/tex/latex/graphics/trig.sty
Package: trig 1999/03/16 v1.09 sin cos tan (DPC)
)
(/usr/local/texlive/2011/texmf-dist/tex/latex/latexconfig/graphics.cfg
File: graphics.cfg 2010/04/23 v1.9 graphics configuration of TeX Live
)
Package graphics Info: Driver file: pdftex.def on input line 91.

(/usr/local/texlive/2011/texmf-dist/tex/latex/pdftex-def/pdftex.def
File: pdftex.def 2011/05/27 v0.06d Graphics/color for pdfTeX

(/usr/local/texlive/2011/texmf-dist/tex/generic/oberdiek/infwarerr.sty
Package: infwarerr 2010/04/08 v1.3 Providing info/warning/message (HO)
)
(/usr/local/texlive/2011/texmf-dist/tex/generic/oberdiek/ltxcmds.sty
Package: ltxcmds 2011/04/18 v1.20 LaTeX kernel commands for general use (HO)
)
\Gread@gobject=\count107
))
\Gin@req@height=\dimen125
\Gin@req@width=\dimen126
))
(./aes2e-sample.aux)
\openout1 = `aes2e-sample.aux'.

LaTeX Font Info:    Checking defaults for OML/cmm/m/it on input line 11.
LaTeX Font Info:    ... okay on input line 11.
LaTeX Font Info:    Checking defaults for T1/cmr/m/n on input line 11.
LaTeX Font Info:    ... okay on input line 11.
LaTeX Font Info:    Checking defaults for OT1/cmr/m/n on input line 11.
LaTeX Font Info:    ... okay on input line 11.
LaTeX Font Info:    Checking defaults for OMS/cmsy/m/n on input line 11.
LaTeX Font Info:    ... okay on input line 11.
LaTeX Font Info:    Checking defaults for OMX/cmex/m/n on input line 11.
LaTeX Font Info:    ... okay on input line 11.
LaTeX Font Info:    Checking defaults for U/cmr/m/n on input line 11.
LaTeX Font Info:    ... okay on input line 11.
\big@size=\dimen127

(/usr/local/texlive/2011/texmf-dist/tex/context/base/supp-pdf.mkii
[Loading MPS to PDF converter (version 2006.09.02).]
\scratchcounter=\count108
\scratchdimen=\dimen128
\scratchbox=\box33
\nofMPsegments=\count109
\nofMParguments=\count110
\everyMPshowfont=\toks16
\MPscratchCnt=\count111
\MPscratchDim=\dimen129
\MPnumerator=\count112
\makeMPintoPDFobject=\count113
\everyMPtoPDFconversion=\toks17
) (/usr/local/texlive/2011/texmf-dist/tex/generic/oberdiek/pdftexcmds.sty
Package: pdftexcmds 2011/04/22 v0.16 Utilities of pdfTeX for LuaTeX (HO)

(/usr/local/texlive/2011/texmf-dist/tex/generic/oberdiek/ifluatex.sty
Package: ifluatex 2010/03/01 v1.3 Provides the ifluatex switch (HO)
Package ifluatex Info: LuaTeX not detected.
)
(/usr/local/texlive/2011/texmf-dist/tex/generic/oberdiek/ifpdf.sty
Package: ifpdf 2011/01/30 v2.3 Provides the ifpdf switch (HO)
Package ifpdf Info: pdfTeX in PDF mode is detected.
)
Package pdftexcmds Info: LuaTeX not detected.
Package pdftexcmds Info: \pdf@primitive is available.
Package pdftexcmds Info: \pdf@ifprimitive is available.
Package pdftexcmds Info: \pdfdraftmode found.
)
(/usr/local/texlive/2011/texmf-dist/tex/latex/oberdiek/epstopdf-base.sty
Package: epstopdf-base 2010/02/09 v2.5 Base part for package epstopdf

(/usr/local/texlive/2011/texmf-dist/tex/latex/oberdiek/grfext.sty
Package: grfext 2010/08/19 v1.1 Managing graphics extensions (HO)

(/usr/local/texlive/2011/texmf-dist/tex/generic/oberdiek/kvdefinekeys.sty
Package: kvdefinekeys 2011/04/07 v1.3 Defining keys (HO)
))
(/usr/local/texlive/2011/texmf-dist/tex/latex/oberdiek/kvoptions.sty
Package: kvoptions 2010/12/23 v3.10 Keyval support for LaTeX options (HO)

(/usr/local/texlive/2011/texmf-dist/tex/generic/oberdiek/kvsetkeys.sty
Package: kvsetkeys 2011/04/07 v1.13 Key value parser (HO)

(/usr/local/texlive/2011/texmf-dist/tex/generic/oberdiek/etexcmds.sty
Package: etexcmds 2011/02/16 v1.5 Prefix for e-TeX command names (HO)
Package etexcmds Info: Could not find \expanded.
(etexcmds)             That can mean that you are not using pdfTeX 1.50 or
(etexcmds)             that some package has redefined \expanded.
(etexcmds)             In the latter case, load this package earlier.
)))
Package grfext Info: Graphics extension search list:
(grfext)             [.png,.pdf,.jpg,.mps,.jpeg,.jbig2,.jb2,.PNG,.PDF,.JPG,.JPE
G,.JBIG2,.JB2,.eps]
(grfext)             \AppendGraphicsExtensions on input line 452.

(/usr/local/texlive/2011/texmf-dist/tex/latex/latexconfig/epstopdf-sys.cfg
File: epstopdf-sys.cfg 2010/07/13 v1.3 Configuration of (r)epstopdf for TeX Liv
e
))
LaTeX Font Info:    Try loading font information for OT1+phv on input line 40.

(/usr/local/texlive/2011/texmf-dist/tex/latex/psnfss/ot1phv.fd
File: ot1phv.fd 2001/06/04 scalable font definitions for OT1/phv.
)
LaTeX Font Info:    Font shape `OT1/phv/bx/n' in size <20> not available
(Font)              Font shape `OT1/phv/b/n' tried instead on input line 40.
LaTeX Font Info:    Font shape `OT1/phv/bx/n' in size <10> not available
(Font)              Font shape `OT1/phv/b/n' tried instead on input line 40.
LaTeX Font Info:    Font shape `OT1/phv/m/it' in size <10> not available
(Font)              Font shape `OT1/phv/m/sl' tried instead on input line 40.

Underfull \vbox (badness 10000) has occurred while \output is active []

LaTeX Font Info:    Font shape `OT1/phv/bx/it' in size <10> not available
(Font)              Font shape `OT1/phv/b/it' tried instead on input line 54.
LaTeX Font Info:    Font shape `OT1/phv/b/it' in size <10> not available
(Font)              Font shape `OT1/phv/b/sl' tried instead on input line 54.
LaTeX Font Info:    Font shape `OT1/ptm/bx/n' in size <10> not available
(Font)              Font shape `OT1/ptm/b/n' tried instead on input line 57.
LaTeX Font Info:    Font shape `OT1/ptm/bx/n' in size <7.4> not available
(Font)              Font shape `OT1/ptm/b/n' tried instead on input line 57.
LaTeX Font Info:    Font shape `OT1/ptm/bx/n' in size <6> not available
(Font)              Font shape `OT1/ptm/b/n' tried instead on input line 57.

Underfull \vbox (badness 10000) has occurred while \output is active []

 [1{/usr/local/texlive/2011/texmf-var/fonts/map/pdftex/updmap/pdftex.map}


Non-PDF special ignored!


]
Package epstopdf Info: Source file: <aes2e-mouse.eps>
(epstopdf)                    date: 2010-10-18 12:03:00
(epstopdf)                    size: 5341 bytes
(epstopdf)             Output file: <aes2e-mouse-eps-converted-to.pdf>
(epstopdf)                    date: 2013-02-06 11:32:57
(epstopdf)                    size: 3107 bytes
(epstopdf)             Command: <epstopdf --outfile=aes2e-mouse-eps-converted-t
o.pdf aes2e-mouse.eps>
(epstopdf)             \includegraphics on input line 112.
Package epstopdf Info: Output file is already uptodate.

<aes2e-mouse-eps-converted-to.pdf, id=15, 151.56625pt x 134.5025pt>
File: aes2e-mouse-eps-converted-to.pdf Graphic file (type pdf)

<use aes2e-mouse-eps-converted-to.pdf>
Package pdftex.def Info: aes2e-mouse-eps-converted-to.pdf used on input line 11
2.
(pdftex.def)             Requested size: 151.56587pt x 134.50215pt.
Package epstopdf Info: Source file: <aes2e-mouse.eps>
(epstopdf)                    date: 2010-10-18 12:03:00
(epstopdf)                    size: 5341 bytes
(epstopdf)             Output file: <aes2e-mouse-eps-converted-to.pdf>
(epstopdf)                    date: 2013-02-06 11:32:57
(epstopdf)                    size: 3107 bytes
(epstopdf)             Command: <epstopdf --outfile=aes2e-mouse-eps-converted-t
o.pdf aes2e-mouse.eps>
(epstopdf)             \includegraphics on input line 119.
Package epstopdf Info: Output file is already uptodate.
File: aes2e-mouse-eps-converted-to.pdf Graphic file (type pdf)
 <use aes2e-mouse-eps-converted-to.pdf>
Package pdftex.def Info: aes2e-mouse-eps-converted-to.pdf used on input line 11
9.
(pdftex.def)             Requested size: 276.0pt x 244.9324pt.

[2 <./aes2e-mouse-eps-converted-to.pdf>]
Underfull \hbox (badness 10000) detected at line 135
$ []$
 []


Underfull \hbox (badness 10000) detected at line 138
[]
 []


Overfull \hbox (0.56006pt too wide) detected at line 139
\OT1/ptm/m/n/10 b)
 []


Underfull \hbox (badness 10000) detected at line 139
[]
 []


Underfull \hbox (badness 10000) detected at line 140
[]
 []


Overfull \hbox (0.56006pt too wide) detected at line 141
\OT1/ptm/m/n/10 d)
 []


Underfull \hbox (badness 10000) detected at line 141
[]
 []


Underfull \vbox (badness 2961) has occurred while \output is active []


Underfull \hbox (badness 2469) in paragraph at lines 153--154
[]\OT1/ptm/m/n/10 Blue--O-antigen struc-ture un-known. Func-tion de-ter-
 []


Underfull \vbox (badness 10000) has occurred while \output is active []

 [3]
Underfull \hbox (badness 2261) in paragraph at lines 160--161
[]\OT1/ptm/m/n/10 Blue--O-antigen struc-ture un-known. Func-tion de-ter-
 []


Underfull \vbox (badness 6592) has occurred while \output is active []

 [4]
Underfull \vbox (badness 10000) has occurred while \output is active []


Underfull \vbox (badness 10000) has occurred while \output is active []

Extra height:34.0pt when 37.35745pt

Underfull \vbox (badness 10000) has occurred while \output is active []


Underfull \vbox (badness 10000) has occurred while \output is active []

Extra height:34.0pt when 38.35745pt

Underfull \vbox (badness 10000) has occurred while \output is active []


Underfull \vbox (badness 10000) has occurred while \output is active []

Extra height:0.0pt when 39.35745pt

Underfull \vbox (badness 10000) has occurred while \output is active []

(2)Left:39.35745pt Right:34.0pt Output:39.35745pt
- LAST -
Left:39.35745pt
Right:34.0pt
Output:39.35745pt

Underfull \vbox (badness 10000) has occurred while \output is active []


Underfull \vbox (badness 10000) has occurred while \output is active []


Underfull \vbox (badness 10000) has occurred while \output is active []


Underfull \vbox (badness 10000) has occurred while \output is active []

Extra height:30.16492pt when 297.26492pt

Underfull \vbox (badness 10000) has occurred while \output is active []


Underfull \vbox (badness 10000) has occurred while \output is active []

Extra height:30.16492pt when 298.26492pt

Underfull \vbox (badness 10000) has occurred while \output is active []


Underfull \vbox (badness 10000) has occurred while \output is active []

Extra height:30.16492pt when 299.26492pt

Underfull \vbox (badness 10000) has occurred while \output is active []


Underfull \vbox (badness 10000) has occurred while \output is active []

Extra height:30.16492pt when 300.26492pt

Underfull \vbox (badness 10000) has occurred while \output is active []


Underfull \vbox (badness 10000) has occurred while \output is active []

Extra height:0.0pt when 301.26492pt

Underfull \vbox (badness 10000) has occurred while \output is active []

(2)Left:301.26492pt Right:308.92984pt Output:301.26492pt

Underfull \vbox (badness 10000) has occurred while \output is active []

(2)Left:308.92984pt Right:278.92984pt Output:308.92984pt
- LAST -
Left:308.92984pt
Right:278.92984pt
Output:308.92984pt

Underfull \vbox (badness 10000) has occurred while \output is active []


Overfull \hbox (252.0pt too wide) in paragraph at lines 216--216
| 
 []

[5

] (./aes2e-sample.aux) ) 
Here is how much of TeX's memory you used:
 2067 strings out of 493633
 28514 string characters out of 3143376
 92736 words of memory out of 3000000
 5318 multiletter control sequences out of 15000+200000
 46912 words of font info for 93 fonts, out of 3000000 for 9000
 831 hyphenation exceptions out of 8191
 37i,10n,23p,1492b,247s stack positions out of 5000i,500n,10000p,200000b,50000s
{/usr/local/texlive/2011/texmf-dist/fonts/enc/dvips/bas
e/8r.enc}</usr/local/texlive/2011/texmf-dist/fonts/type1/public/amsfonts/cm/cme
x10.pfb></usr/local/texlive/2011/texmf-dist/fonts/type1/public/amsfonts/cm/cmmi
10.pfb></usr/local/texlive/2011/texmf-dist/fonts/type1/public/amsfonts/cm/cmr10
.pfb></usr/local/texlive/2011/texmf-dist/fonts/type1/public/amsfonts/cm/cmsy10.
pfb></usr/local/texlive/2011/texmf-dist/fonts/type1/public/amsfonts/latxfont/lc
ircle1.pfb></usr/local/texlive/2011/texmf-dist/fonts/type1/urw/helvetic/uhvb8a.
pfb></usr/local/texlive/2011/texmf-dist/fonts/type1/urw/helvetic/uhvbo8a.pfb></
usr/local/texlive/2011/texmf-dist/fonts/type1/urw/helvetic/uhvr8a.pfb></usr/loc
al/texlive/2011/texmf-dist/fonts/type1/urw/helvetic/uhvro8a.pfb></usr/local/tex
live/2011/texmf-dist/fonts/type1/urw/symbol/usyr.pfb></usr/local/texlive/2011/t
exmf-dist/fonts/type1/urw/times/utmr8a.pfb></usr/local/texlive/2011/texmf-dist/
fonts/type1/urw/times/utmri8a.pfb>
Output written on aes2e-sample.pdf (5 pages, 114196 bytes).
PDF statistics:
 72 PDF objects out of 1000 (max. 8388607)
 51 compressed objects within 1 object stream
 0 named destinations out of 1000 (max. 500000)
 6 words of extra memory for PDF output out of 10000 (max. 10000000)

